nohup: ignoring input
development
UNCAUGHT EXCEPTION! SHUTTING DOWN...
Error listen EADDRINUSE: address already in use :::3000 Error: listen EADDRINUSE: address already in use :::3000
    at Server.setupListenHandle [as _listen2] (node:net:1939:16)
    at liste[0mGET /api/v1/bikes [32m200[0m 208.143 ms - 13863[0m
[0mGET /api/v1/bikes [32m200[0m 195.958 ms - 13863[0m
modules/express/lib/application.js:635:24)
    at Object.<anonymous> (/workspace/server/server.js:24:20)
    at Module._compile (node:internal/modules/cjs/loader:1730:14)
    at Object..js (node:internal/modules/cjs/loader:1895:10)
    at Module.load (node:internal/modules/cjs/loader:1465:32)
    at Function._load (node:internal/modules/cjs/loader:1282:12)
    at TracingChannel.traceSync (node:diagnostics_channel:322:14) {
  code: 'EADDRINUSE',
  errno: -98,
  syscall: 'listen',
  address: '::',
  port: 3000
}
